0 info it worked if it ends with ok
1 verbose cli [ '/usr/local/bin/node', '/usr/local/bin/npm', 'publish' ]
2 info using npm@2.14.7
3 info using node@v4.2.3
4 verbose publish [ '.' ]
5 silly cache add args [ '.', null ]
6 verbose cache add spec .
7 silly cache add parsed spec Result {
7 silly cache add   raw: '.',
7 silly cache add   scope: null,
7 silly cache add   name: null,
7 silly cache add   rawSpec: '.',
7 silly cache add   spec: '/Users/wjiang/webmdApp/nodeXmlSchemas',
7 silly cache add   type: 'directory' }
8 verbose addLocalDirectory /Users/wjiang/.npm/xml_schema_to_json/0.1.0/package.tgz not in flight; packing
9 verbose tar pack [ '/Users/wjiang/.npm/xml_schema_to_json/0.1.0/package.tgz',
9 verbose tar pack   '/Users/wjiang/webmdApp/nodeXmlSchemas' ]
10 verbose tarball /Users/wjiang/.npm/xml_schema_to_json/0.1.0/package.tgz
11 verbose folder /Users/wjiang/webmdApp/nodeXmlSchemas
12 info prepublish xml_schema_to_json@0.1.0
13 verbose addLocalTarball adding from inside cache /Users/wjiang/.npm/xml_schema_to_json/0.1.0/package.tgz
14 silly cache afterAdd xml_schema_to_json@0.1.0
15 verbose afterAdd /Users/wjiang/.npm/xml_schema_to_json/0.1.0/package/package.json not in flight; writing
16 verbose afterAdd /Users/wjiang/.npm/xml_schema_to_json/0.1.0/package/package.json written
17 silly publish { name: 'xml_schema_to_json',
17 silly publish   version: '0.1.0',
17 silly publish   description: 'npm module to convert xml schemas to json - format',
17 silly publish   main: 'index.js',
17 silly publish   scripts: { test: 'mocha --reporter spec' },
17 silly publish   repository:
17 silly publish    { type: 'git',
17 silly publish      url: 'git+https://github.com/WilliamJiang/nodeXmlSchemas.git' },
17 silly publish   keywords: [ 'webmd', 'xml-schema', 'json-format' ],
17 silly publish   author:
17 silly publish    { name: 'William Jiang',
17 silly publish      email: 'wjiang@webmd.net',
17 silly publish      url: 'http://webmd.com' },
17 silly publish   license: 'ISC',
17 silly publish   bugs: { url: 'https://github.com/WilliamJiang/nodeXmlSchemas/issues' },
17 silly publish   homepage: 'https://github.com/WilliamJiang/nodeXmlSchemas#readme',
17 silly publish   devDependencies: { chai: '^3.4.1', mocha: '^2.3.4' },
17 silly publish   readme: '# nodeXmlSchemas\nCreate a module to convert xml schemas to json - format\n\n### Reference:\n<blockquote>\n\t[Creating and publishing a node.js module](https://quickleft.com/blog/creating-and-publishing-a-node-js-module/)\n</blockquote>\n\n### NPM Module\nThis is a public npm module in:\n<blockquote>\n\t[https://www.npmjs.com/package/xml_schema_to_json](https://www.npmjs.com/package/xml_schema_to_json)\n</blockquote>\n\n### The target\nTo create a javaScript converter module to convert xml-schema to javaScript constructor.\n\n## TODO...',
17 silly publish   readmeFilename: 'README.md',
17 silly publish   gitHead: '1396d7130100ef765620d3cbaef33482ed3b9292',
17 silly publish   _id: 'xml_schema_to_json@0.1.0',
17 silly publish   _shasum: 'ecc6ae1249cb430334018c90f986001a0b4f5cf7',
17 silly publish   _from: '.' }
18 verbose getPublishConfig undefined
19 silly mapToRegistry name xml_schema_to_json
20 silly mapToRegistry using default registry
21 silly mapToRegistry registry https://registry.npmjs.org/
22 silly mapToRegistry uri https://registry.npmjs.org/xml_schema_to_json
23 verbose publish registryBase https://registry.npmjs.org/
24 silly publish uploading /Users/wjiang/.npm/xml_schema_to_json/0.1.0/package.tgz
25 verbose request uri https://registry.npmjs.org/xml_schema_to_json
26 verbose request sending authorization for write operation
27 info attempt registry request try #1 at 2:38:27 PM
28 verbose request using bearer token for auth
29 verbose request id a875a99ea26ec6df
30 http request PUT https://registry.npmjs.org/xml_schema_to_json
31 http 403 https://registry.npmjs.org/xml_schema_to_json
32 verbose headers { 'content-type': 'application/json',
32 verbose headers   'cache-control': 'max-age=300',
32 verbose headers   'content-length': '95',
32 verbose headers   'accept-ranges': 'bytes',
32 verbose headers   date: 'Mon, 21 Dec 2015 19:38:28 GMT',
32 verbose headers   via: '1.1 varnish',
32 verbose headers   connection: 'keep-alive',
32 verbose headers   'x-served-by': 'cache-jfk1021-JFK',
32 verbose headers   'x-cache': 'MISS',
32 verbose headers   'x-cache-hits': '0',
32 verbose headers   'x-timer': 'S1450726707.731906,VS0,VE638' }
33 verbose request invalidating /Users/wjiang/.npm/registry.npmjs.org/xml_schema_to_json on PUT
34 error publish Failed PUT 403
35 verbose stack Error: "You cannot publish over the previously published version 0.1.0." : xml_schema_to_json
35 verbose stack     at makeError (/usr/local/lib/node_modules/npm/node_modules/npm-registry-client/lib/request.js:264:12)
35 verbose stack     at CachingRegistryClient.<anonymous> (/usr/local/lib/node_modules/npm/node_modules/npm-registry-client/lib/request.js:252:14)
35 verbose stack     at Request._callback (/usr/local/lib/node_modules/npm/node_modules/npm-registry-client/lib/request.js:172:14)
35 verbose stack     at Request.self.callback (/usr/local/lib/node_modules/npm/node_modules/request/request.js:198:22)
35 verbose stack     at emitTwo (events.js:87:13)
35 verbose stack     at Request.emit (events.js:172:7)
35 verbose stack     at Request.<anonymous> (/usr/local/lib/node_modules/npm/node_modules/request/request.js:1063:14)
35 verbose stack     at emitOne (events.js:82:20)
35 verbose stack     at Request.emit (events.js:169:7)
35 verbose stack     at IncomingMessage.<anonymous> (/usr/local/lib/node_modules/npm/node_modules/request/request.js:1009:12)
36 verbose statusCode 403
37 verbose pkgid xml_schema_to_json
38 verbose cwd /Users/wjiang/webmdApp/nodeXmlSchemas
39 error Darwin 14.5.0
40 error argv "/usr/local/bin/node" "/usr/local/bin/npm" "publish"
41 error node v4.2.3
42 error npm  v2.14.7
43 error code E403
44 error "You cannot publish over the previously published version 0.1.0." : xml_schema_to_json
45 error If you need help, you may report this error at:
45 error     <https://github.com/npm/npm/issues>
46 verbose exit [ 1, true ]
